\BOOKMARK [0][-]{section*.1}{\376\377\000D\000e\000c\000l\000a\000r\000a\000t\000i\000o\000n\000\040\000o\000f\000\040\000A\000u\000t\000h\000o\000r\000s\000h\000i\000p}{}% 1
\BOOKMARK [0][-]{section*.2}{\376\377\000A\000b\000s\000t\000r\000a\000c\000t}{}% 2
\BOOKMARK [0][-]{section*.3}{\376\377\000A\000c\000k\000n\000o\000w\000l\000e\000d\000g\000e\000m\000e\000n\000t\000s}{}% 3
\BOOKMARK [0][-]{chapter.8}{\376\377\000I\000n\000t\000r\000o\000d\000u\000c\000t\000i\000o\000n}{}% 4
\BOOKMARK [1][-]{section.9}{\376\377\000W\000h\000a\000t\000\040\000i\000s\000\040\000N\000j\000o\000r\000k\000u\000?}{chapter.8}% 5
\BOOKMARK [1][-]{section.11}{\376\377\000H\000i\000s\000t\000o\000r\000y\000\040\000o\000f\000\040\000N\000j\000o\000r\000k\000u}{chapter.8}% 6
\BOOKMARK [1][-]{section.12}{\376\377\000C\000o\000m\000p\000a\000n\000y\000\040\000S\000t\000r\000u\000c\000t\000u\000r\000e\000\040\000o\000f\000\040\000N\000j\000o\000r\000k\000u\000\040\000L\000t\000d\000\040\000C\000a\000m\000e\000r\000o\000o\000n}{chapter.8}% 7
\BOOKMARK [1][-]{section.14}{\376\377\000N\000j\000o\000r\000k\000u\000\040\000L\000t\000d\000\040\000p\000r\000o\000d\000u\000c\000t\000s}{chapter.8}% 8
\BOOKMARK [2][-]{subsection.15}{\376\377\000N\000j\000o\000r\000k\000u\000\040\000S\000e\000a\000r\000c\000h\000\040\000E\000n\000g\000i\000n\000e\000\050\000n\000j\000o\000r\000k\000u\000.\000c\000o\000m\000\051}{section.14}% 9
\BOOKMARK [2][-]{subsection.16}{\376\377\000N\000u\000k\000e\000b\000o\000a\000r\000d\000\050\000n\000u\000k\000e\000b\000o\000a\000r\000d\000.\000c\000o\000\051}{section.14}% 10
\BOOKMARK [1][-]{section.18}{\376\377\000W\000h\000a\000t\000\040\000I\000\040\000d\000i\000d\000\040\000d\000u\000r\000i\000n\000g\000\040\000t\000h\000e\000\040\000I\000n\000t\000e\000r\000n\000s\000h\000i\000p\000\040\000p\000e\000r\000i\000o\000d}{chapter.8}% 11
\BOOKMARK [2][-]{subsection.19}{\376\377\000S\000t\000u\000d\000i\000e\000d\000\040\000t\000h\000e\000\040\000S\000o\000f\000t\000w\000a\000r\000e\000'\000s\000\050\000n\000u\000k\000e\000b\000o\000a\000r\000d\000.\000c\000o\000\051\000\040\000c\000o\000d\000e\000b\000a\000s\000e}{section.18}% 12
\BOOKMARK [2][-]{subsection.20}{\376\377\000W\000o\000r\000k\000\040\000I\000\040\000d\000i\000d\000\040\000o\000n\000\040\000N\000u\000k\000e\000b\000o\000a\000r\000d\000\040\000d\000u\000r\000i\000n\000g\000\040\000i\000n\000t\000e\000r\000n\000s\000h\000i\000p}{section.18}% 13
\BOOKMARK [1][-]{section.21}{\376\377\000W\000h\000y\000\040\000d\000i\000d\000\040\000I\000\040\000d\000o\000\040\000t\000h\000e\000\040\000f\000o\000l\000l\000o\000w\000i\000n\000g\000\040\000t\000a\000s\000k\000\040\000m\000e\000n\000t\000i\000o\000n\000e\000d\000\040\000a\000b\000o\000v\000e\000?}{chapter.8}% 14
\BOOKMARK [2][-]{subsection.22}{\376\377\000W\000h\000y\000\040\000F\000e\000a\000t\000u\000r\000e\000\040\000D\000e\000v\000e\000l\000o\000p\000m\000e\000n\000t\000?}{section.21}% 15
\BOOKMARK [2][-]{subsection.23}{\376\377\000W\000h\000y\000\040\000Q\000u\000a\000l\000i\000t\000y\000\040\000A\000s\000s\000u\000r\000a\000n\000c\000e\000\050\000Q\000A\000\051\000?}{section.21}% 16
\BOOKMARK [0][-]{chapter.24}{\376\377\000L\000i\000t\000e\000r\000a\000t\000u\000r\000e\000\040\000R\000e\000v\000i\000e\000w}{}% 17
\BOOKMARK [1][-]{section.25}{\376\377\000C\000o\000n\000c\000e\000p\000t\000s\000\040\000a\000n\000d\000\040\000T\000e\000c\000h\000n\000o\000l\000o\000g\000i\000e\000s\000\040\000u\000s\000e\000d\000\040\000b\000y\000\040\000N\000u\000k\000e\000b\000o\000a\000r\000d}{chapter.24}% 18
\BOOKMARK [1][-]{section.26}{\376\377\000S\000i\000m\000i\000l\000a\000r\000i\000t\000i\000e\000s\000\040\000w\000i\000t\000h\000\040\000o\000t\000h\000e\000r\000\040\000s\000y\000s\000t\000e\000m\000\040\000t\000h\000a\000t\000\040\000e\000x\000i\000s\000t}{chapter.24}% 19
\BOOKMARK [0][-]{chapter.27}{\376\377\000I\000m\000p\000r\000o\000v\000e\000m\000e\000n\000t\000s\000\040\000o\000n\000\040\000t\000h\000e\000\040\000E\000x\000i\000s\000t\000i\000n\000g\000\040\000S\000y\000s\000t\000e\000m}{}% 20
\BOOKMARK [1][-]{section.28}{\376\377\000D\000e\000v\000e\000l\000o\000p\000i\000n\000g\000\040\000M\000o\000d\000u\000l\000e\000s\000\040\000f\000o\000r\000\040\000N\000u\000k\000e\000b\000o\000a\000r\000d}{chapter.27}% 21
\BOOKMARK [2][-]{subsection.29}{\376\377\000W\000h\000a\000t\000\040\000i\000s\000\040\000a\000\040\000M\000o\000d\000u\000l\000e\000?}{section.28}% 22
\BOOKMARK [2][-]{subsection.30}{\376\377\000M\000o\000d\000u\000l\000e\000s\000\040\000f\000o\000r\000\040\000N\000u\000k\000e\000b\000o\000a\000r\000d\000.\000c\000o}{section.28}% 23
\BOOKMARK [3][-]{section*.32}{\376\377\000J\000o\000b\000\040\000S\000e\000e\000k\000e\000r\000\040\000M\000o\000d\000u\000l\000e}{subsection.30}% 24
\BOOKMARK [3][-]{section*.33}{\376\377\000E\000m\000p\000l\000o\000y\000e\000r\000\040\000M\000o\000d\000u\000l\000e}{subsection.30}% 25
\BOOKMARK [3][-]{section*.34}{\376\377\000B\000l\000o\000g\000\040\000M\000o\000d\000u\000l\000e}{subsection.30}% 26
\BOOKMARK [3][-]{section*.35}{\376\377\000T\000r\000a\000i\000n\000i\000n\000g\000\040\000M\000o\000d\000u\000l\000e}{subsection.30}% 27
\BOOKMARK [3][-]{section*.36}{\376\377\000S\000p\000o\000n\000s\000o\000r\000e\000d\000\040\000J\000o\000b\000s\000\040\000M\000o\000d\000u\000l\000e}{subsection.30}% 28
\BOOKMARK [1][-]{section.37}{\376\377\000T\000a\000s\000k\000s\000\040\000I\000\040\000c\000o\000m\000p\000l\000e\000t\000e\000d\000\040\000d\000u\000r\000i\000n\000g\000\040\000m\000y\000\040\000I\000n\000t\000e\000r\000n\000s\000h\000i\000p\000\040\000p\000e\000r\000i\000o\000d}{chapter.27}% 29
\BOOKMARK [2][-]{subsection.38}{\376\377\000I\000m\000p\000l\000e\000m\000e\000n\000a\000t\000i\000o\000n\000\040\000o\000f\000\040\000E\000m\000p\000l\000o\000y\000e\000r\000S\000e\000s\000s\000i\000o\000n\000C\000o\000n\000t\000r\000o\000l\000l\000e\000r\000.\000p\000h\000p\000\040\000C\000l\000a\000s\000s}{section.37}% 30
\BOOKMARK [2][-]{subsection.48}{\376\377\000I\000m\000p\000l\000e\000m\000e\000n\000a\000t\000i\000o\000n\000\040\000o\000f\000\040\000P\000e\000r\000m\000i\000s\000s\000i\000o\000n\000\040\000i\000n\000\040\000n\000u\000k\000e\000b\000o\000a\000r\000d\000\040\000c\000o\000r\000e}{section.37}% 31
\BOOKMARK [2][-]{subsection.49}{\376\377\000B\000u\000i\000l\000t\000\040\000R\000e\000g\000i\000s\000t\000r\000a\000t\000i\000o\000n\000\040\000W\000i\000z\000a\000r\000d\000\040\000f\000o\000r\000\040\000E\000m\000p\000l\000o\000y\000e\000r\000\040\000a\000n\000d\000\040\000J\000o\000b\000\040\000S\000e\000e\000k\000e\000r\000\040\000M\000o\000d\000u\000l\000e}{section.37}% 32
\BOOKMARK [3][-]{section*.50}{\376\377\000R\000e\000g\000i\000s\000t\000r\000a\000t\000i\000o\000n\000\040\000W\000i\000z\000a\000r\000d\000\040\000f\000o\000r\000\040\000E\000m\000p\000l\000o\000y\000e\000r\000\040\000M\000o\000d\000u\000l\000e}{subsection.49}% 33
\BOOKMARK [3][-]{section*.53}{\376\377\000R\000e\000g\000i\000s\000t\000r\000a\000t\000i\000o\000n\000\040\000W\000i\000z\000a\000r\000d\000\040\000f\000o\000r\000\040\000J\000o\000b\000\040\000S\000e\000e\000k\000e\000r\000\040\000M\000o\000d\000u\000l\000e}{subsection.49}% 34
\BOOKMARK [2][-]{subsection.55}{\376\377\000C\000h\000a\000n\000g\000e\000s\000\040\000a\000n\000d\000\040\000M\000i\000g\000r\000a\000t\000i\000o\000n\000\040\000o\000f\000\040\000E\000m\000p\000l\000o\000y\000e\000r\000\040\000a\000n\000d\000\040\000J\000o\000b\000\040\000S\000e\000e\000k\000e\000r\000\040\000T\000h\000e\000m\000e\000s}{section.37}% 35
\BOOKMARK [2][-]{subsection.57}{\376\377\000I\000m\000p\000l\000e\000n\000t\000a\000t\000i\000o\000n\000\040\000o\000f\000\040\000C\000V\000\040\000S\000e\000a\000r\000c\000h\000\040\000o\000n\000\040\000N\000u\000k\000e\000b\000o\000a\000r\000d\000\050\000n\000u\000k\000e\000b\000o\000a\000r\000d\000.\000c\000o\000\051}{section.37}% 36
\BOOKMARK [3][-]{section*.58}{\376\377\000G\000e\000n\000e\000r\000a\000l\000\040\000C\000V\000\040\000S\000e\000a\000r\000c\000h\000\040\000A\000p\000p\000r\000o\000a\000c\000h}{subsection.57}% 37
\BOOKMARK [3][-]{section*.60}{\376\377\000S\000p\000e\000c\000i\000f\000i\000c\000\040\000C\000V\000\040\000S\000e\000a\000r\000c\000h\000\040\000A\000p\000p\000r\000o\000a\000c\000h}{subsection.57}% 38
\BOOKMARK [2][-]{subsection.62}{\376\377\000I\000m\000p\000l\000e\000n\000t\000a\000t\000i\000o\000n\000\040\000o\000f\000\040\000S\000p\000o\000n\000s\000o\000r\000e\000d\000\040\000J\000o\000b\000s\000\040\000M\000o\000d\000u\000l\000e\000\040\000F\000r\000o\000n\000t\000-\000e\000n\000d\000\050\000F\000E\000\051}{section.37}% 39
\BOOKMARK [2][-]{subsection.64}{\376\377\000H\000T\000M\000L\000\040\000E\000m\000a\000i\000l\000\040\000s\000u\000p\000p\000o\000r\000t\000\040\000f\000o\000r\000\040\000N\000u\000k\000e\000b\000o\000a\000r\000d\000\050\000n\000u\000k\000e\000b\000o\000a\000r\000d\000.\000c\000o\000\051}{section.37}% 40
\BOOKMARK [2][-]{subsection.66}{\376\377\000T\000e\000s\000t\000i\000n\000g\000/\000Q\000u\000a\000l\000i\000t\000y\000\040\000A\000s\000s\000u\000r\000a\000n\000c\000e\000\050\000Q\000A\000\051\000\040\000o\000n\000\040\000N\000u\000k\000e\000b\000o\000a\000r\000d\000\050\000n\000u\000k\000e\000b\000o\000a\000r\000d\000.\000c\000o\000\051}{section.37}% 41
\BOOKMARK [3][-]{section*.67}{\376\377\000S\000t\000a\000t\000i\000s\000t\000i\000c\000s\000\040\000o\000f\000\040\000t\000h\000e\000\040\000Q\000A}{subsection.66}% 42
\BOOKMARK [3][-]{section*.68}{\376\377\000E\000x\000p\000l\000a\000n\000a\000t\000i\000o\000n\000\040\000o\000f\000\040\000t\000e\000x\000t\000\040\000r\000e\000s\000u\000l\000t\000s}{subsection.66}% 43
\BOOKMARK [0][-]{chapter.69}{\376\377\000D\000i\000s\000c\000u\000s\000s\000i\000o\000n\000\040\000a\000n\000d\000\040\000R\000e\000s\000u\000l\000t\000s\000\040\000O\000b\000t\000a\000i\000n\000e\000d}{}% 44
\BOOKMARK [1][-]{section.70}{\376\377\000D\000i\000s\000c\000u\000s\000s\000i\000o\000n\000\040\000a\000n\000d\000\040\000R\000e\000s\000u\000l\000t\000s\000\040\000O\000b\000t\000a\000i\000n\000e\000d}{chapter.69}% 45
\BOOKMARK [2][-]{subsection.71}{\376\377\000D\000i\000s\000c\000u\000s\000s\000i\000o\000n\000s}{section.70}% 46
\BOOKMARK [3][-]{section*.72}{\376\377\000H\000o\000u\000r\000s\000\040\000s\000p\000e\000n\000t\000\040\000a\000t\000\040\000w\000o\000r\000k\000\040\000e\000v\000e\000r\000y\000d\000a\000y}{subsection.71}% 47
\BOOKMARK [3][-]{section*.73}{\376\377\000H\000o\000w\000\040\000w\000a\000s\000\040\000w\000o\000r\000k\000\040\000c\000a\000r\000r\000i\000e\000d\000\040\000o\000u\000t\000\040\000e\000a\000c\000h\000\040\000d\000a\000y\000?}{subsection.71}% 48
\BOOKMARK [3][-]{section*.74}{\376\377\000S\000u\000b\000m\000i\000s\000s\000i\000o\000n\000\040\000o\000f\000\040\000t\000a\000s\000k\000\040\000t\000o\000\040\000b\000e\000\040\000I\000n\000t\000e\000r\000g\000r\000a\000t\000e\000d\000\040\000t\000o\000\040\000t\000h\000e\000\040\000m\000a\000i\000n\000\040\000p\000r\000o\000j\000e\000c\000t}{subsection.71}% 49
\BOOKMARK [3][-]{section*.76}{\376\377\000G\000e\000n\000e\000r\000a\000l\000\040\000d\000i\000s\000c\000u\000s\000s\000i\000o\000n\000\040\000a\000b\000o\000u\000t\000\040\000e\000n\000t\000i\000r\000e\000\040\000w\000o\000r\000k\000\040\000d\000o\000n\000e}{subsection.71}% 50
\BOOKMARK [2][-]{subsection.77}{\376\377\000R\000e\000s\000u\000l\000t\000s\000\040\000O\000b\000t\000a\000i\000n\000e\000d}{section.70}% 51
\BOOKMARK [3][-]{section*.78}{\376\377\000Q\000u\000a\000l\000i\000t\000y\000\040\000A\000s\000s\000u\000r\000a\000n\000c\000e\000\040\000f\000o\000r\000\040\000N\000u\000k\000e\000b\000o\000a\000r\000d}{subsection.77}% 52
\BOOKMARK [0][-]{chapter.79}{\376\377\000C\000o\000n\000c\000l\000u\000s\000i\000o\000n\000\040\000a\000n\000d\000\040\000R\000e\000c\000o\000m\000m\000e\000n\000d\000a\000t\000i\000o\000n\000s}{}% 53
\BOOKMARK [1][-]{section.80}{\376\377\000E\000v\000a\000l\000u\000a\000t\000i\000o\000n\000\040\000o\000f\000\040\000I\000n\000t\000e\000r\000n\000s\000h\000i\000p\000\040\000E\000x\000p\000e\000r\000i\000e\000n\000c\000e}{chapter.79}% 54
\BOOKMARK [2][-]{subsection.81}{\376\377\000S\000e\000l\000f\000\040\000E\000v\000a\000l\000u\000a\000t\000i\000o\000n}{section.80}% 55
\BOOKMARK [2][-]{subsection.82}{\376\377\000C\000o\000m\000p\000a\000n\000y\000\040\000E\000v\000a\000l\000u\000a\000t\000i\000o\000n}{section.80}% 56
\BOOKMARK [1][-]{section.83}{\376\377\000G\000e\000n\000e\000r\000a\000l\000\040\000C\000o\000n\000c\000l\000u\000s\000i\000o\000n}{chapter.79}% 57
\BOOKMARK [1][-]{section.84}{\376\377\000R\000e\000c\000o\000m\000m\000e\000n\000d\000a\000t\000i\000o\000n\000s}{chapter.79}% 58
\BOOKMARK [1][-]{section.85}{\376\377\000F\000u\000r\000t\000u\000r\000e\000\040\000W\000o\000r\000k\000s\000\040\000o\000n\000\040\000t\000h\000e\000\040\000p\000r\000o\000j\000e\000c\000t}{chapter.79}% 59
\BOOKMARK [1][-]{section.86}{\376\377\000O\000t\000h\000e\000r\000\040\000p\000r\000o\000j\000e\000c\000t\000s\000\040\000a\000n\000d\000\040\000w\000o\000r\000k\000\040\000d\000o\000n\000e\000\040\000d\000u\000r\000i\000n\000g\000\040\000i\000n\000t\000e\000r\000n\000s\000h\000i\000p}{chapter.79}% 60
\BOOKMARK [1][-]{chapter*.87}{\376\377\000B\000i\000b\000l\000i\000o\000g\000r\000a\000p\000h\000y}{chapter.79}% 61
