mktextfm ecrm1095
mktextfm ecrm1095
mktextfm ecrm1095
mktextfm ecrm1095
mktextfm ecrm1095
mktextfm ecrm1095
mktextfm ecrm1095
mktextfm ecrm1095
mktextfm eccc1095
mktextfm pplr8t
mktextfm pplro8t
mktextfm pplrc8t
mktextfm pplrc8t
mktextfm pplrc8t
mktextfm pplr8t
mktextfm pplb8t
mktextfm nullfont
mktextfm pplr8t
mktextfm pplri8t
mktextfm pplrc8t
mktextfm pplri8t
mktextfm pplri8t
mktextfm pplb8t
mktextfm nullfont
mktextfm pplr8t
mktextfm pplb8t
mktextfm nullfont
mktextfm pplr8t
mktextfm pplr8t
mktextfm pplr8t
mktextfm pplro8t
mktextfm pplb8t
mktextfm nullfont
mktextfm pplb8t
mktextfm nullfont
mktextfm pcrr8t
mktextfm pplb8t
mktextfm nullfont
mktextfm pplb8t
mktextfm nullfont
mktextfm pcrb8t
mktextfm nullfont
mktextfm pcrb8t
mktextfm nullfont
mktextfm pcrro8t
mktextfm nullfont
mktextfm pplr8t
mktextfm pplr8t
mktextfm pplr8t
mktextfm pcrr8t
mktextfm pplrc8t
mktextfm ecrm1095
mktextfm eccc1095
mktextfm pplr8t
mktextfm pplro8t
mktextfm pplrc8t
mktextfm pplrc8t
mktextfm pplrc8t
mktextfm pplr8t
mktextfm pplb8t
mktextfm nullfont
mktextfm pplr8t
mktextfm pplri8t
mktextfm pplrc8t
mktextfm pplri8t
mktextfm pplri8t
mktextfm pplb8t
mktextfm nullfont
mktextfm pplr8t
mktextfm pplb8t
mktextfm nullfont
mktextfm pplr8t
mktextfm pcrr8t
mktextfm pcrb8t
mktextfm nullfont
mktextfm pplr8t
mktextfm pplr8t
mktextfm pplro8t
mktextfm pplb8t
mktextfm nullfont
mktextfm pplb8t
mktextfm nullfont
mktextfm pplb8t
mktextfm nullfont
mktextfm pplb8t
mktextfm nullfont
mktextfm pcrb8t
mktextfm nullfont
mktextfm pcrro8t
mktextfm nullfont
mktextfm pplr8t
mktextfm pplr8t
mktextfm pplr8t
mktextfm pcrr8t
mktextfm pplrc8t
mktextfm ecrm1095
mktextfm ecrm1095
mktextfm pplr8t
mktextfm pplrc8t
mktextfm pplrc8t
mktextfm pplrc8t
mktextfm pplr8t
mktextfm pplb8t
mktextfm nullfont
mktextfm pplr8t
mktextfm pplri8t
mktextfm pplrc8t
mktextfm pplro8t
mktextfm pplri8t
mktextfm pplri8t
mktextfm pplb8t
mktextfm nullfont
mktextfm pplr8t
mktextfm pplb8t
mktextfm nullfont
mktextfm pplr8t
mktextfm pplr8t
mktextfm pplr8t
mktextfm pplro8t
mktextfm pplb8t
mktextfm nullfont
mktextfm pplb8t
mktextfm nullfont
mktextfm pcrr8t
mktextfm pplb8t
mktextfm nullfont
mktextfm pplb8t
mktextfm nullfont
mktextfm pcrb8t
mktextfm nullfont
mktextfm pcrb8t
mktextfm nullfont
mktextfm pcrro8t
mktextfm nullfont
mktextfm pplr8t
mktextfm pplr8t
mktextfm pplr8t
mktextfm pcrr8t
mktextfm pplrc8t
mktextfm ecrm1095
mktextfm pplr8t
mktextfm pplrc8t
mktextfm pplrc8t
mktextfm pplrc8t
mktextfm pplr8t
mktextfm pplb8t
mktextfm nullfont
mktextfm pplr8t
mktextfm pplri8t
mktextfm pplrc8t
mktextfm pplro8t
mktextfm pplri8t
mktextfm pplri8t
mktextfm pplb8t
mktextfm nullfont
mktextfm pplr8t
mktextfm pplb8t
mktextfm nullfont
mktextfm pplr8t
mktextfm pplr8t
mktextfm pplr8t
mktextfm pplro8t
mktextfm pplb8t
mktextfm nullfont
mktextfm pplb8t
mktextfm nullfont
mktextfm pcrr8t
mktextfm pplb8t
mktextfm nullfont
mktextfm pplb8t
mktextfm nullfont
mktextfm pcrb8t
mktextfm nullfont
mktextfm pcrb8t
mktextfm nullfont
mktextfm pcrro8t
mktextfm nullfont
mktextfm pplr8t
mktextfm pplr8t
mktextfm pplr8t
mktextfm pcrr8t
mktextfm pplrc8t
mktextfm pplr7t
mktextfm pplrc7t
mktextfm pplrc7t
mktextfm pplrc7t
mktextfm pplr7t
mktextfm pplb7t
mktextfm nullfont
mktextfm pplr7t
mktextfm pplri7t
mktextfm pplrc7t
mktextfm pplro7t
mktextfm pplri7t
mktextfm pplri7t
mktextfm pplb7t
mktextfm nullfont
mktextfm pplr7t
mktextfm pplb7t
mktextfm nullfont
mktextfm pplr7t
mktextfm pcrr7t
mktextfm pcrb7t
mktextfm nullfont
mktextfm pplr7t
mktextfm pplr7t
mktextfm pplro7t
mktextfm pplb7t
mktextfm nullfont
mktextfm pplb7t
mktextfm nullfont
mktextfm pplb7t
mktextfm nullfont
mktextfm pplb7t
mktextfm nullfont
mktextfm pcrb7t
mktextfm nullfont
mktextfm pcrro7t
mktextfm nullfont
mktextfm pplr7t
mktextfm pplr7t
mktextfm pplr7t
mktextfm pcrr7t
mktextfm pplrc7t
mktextfm ecrm1095
mktextfm pplr8t
mktextfm pplrc8t
mktextfm pplrc8t
mktextfm pplrc8t
mktextfm pplr8t
mktextfm pplb8t
mktextfm nullfont
mktextfm pplr8t
mktextfm pplri8t
mktextfm pplrc8t
mktextfm pplro8t
mktextfm pplri8t
mktextfm pplri8t
mktextfm pplb8t
mktextfm nullfont
mktextfm pplr8t
mktextfm pplb8t
mktextfm nullfont
mktextfm pplr8t
mktextfm pplr8t
mktextfm pplr8t
mktextfm pplro8t
mktextfm pplb8t
mktextfm nullfont
mktextfm pplb8t
mktextfm nullfont
mktextfm pcrr8t
mktextfm pplb8t
mktextfm nullfont
mktextfm pplb8t
mktextfm nullfont
mktextfm pcrb8t
mktextfm nullfont
mktextfm pcrb8t
mktextfm nullfont
mktextfm pcrro8t
mktextfm nullfont
mktextfm pplr8t
mktextfm pplr8t
mktextfm pplr8t
mktextfm pcrr8t
mktextfm pplrc8t
mktextfm ecrm1095
mktextfm pplr8t
mktextfm pplrc8t
mktextfm pplrc8t
mktextfm pplrc8t
mktextfm pplr8t
mktextfm pplb8t
mktextfm nullfont
mktextfm pplr8t
mktextfm pplri8t
mktextfm pplrc8t
mktextfm pplro8t
mktextfm pplri8t
mktextfm pplri8t
mktextfm pplb8t
mktextfm nullfont
mktextfm pplr8t
mktextfm pplb8t
mktextfm nullfont
mktextfm pplr8t
mktextfm pcrr8t
mktextfm pcrb8t
mktextfm nullfont
mktextfm pplr8t
mktextfm pplr8t
mktextfm pplro8t
mktextfm pplb8t
mktextfm nullfont
mktextfm pplb8t
mktextfm nullfont
mktextfm pplb8t
mktextfm nullfont
mktextfm pplb8t
mktextfm nullfont
mktextfm pcrb8t
mktextfm nullfont
mktextfm pcrro8t
mktextfm nullfont
mktextfm pplr8t
mktextfm pplr8t
mktextfm pplr8t
mktextfm pcrr8t
mktextfm pplrc8t
mktextfm ecrm1095
